[Sat Jul 28 14:35:09.042 2018] 0.002 sec [all/0/rel 2 (0,20)] [goods] 语文书
[Sat Jul 28 14:38:01.458 2018] 0.000 sec [all/0/rel 2 (0,20)] [goods] 语文书
[Sat Jul 28 14:38:02.835 2018] 0.000 sec [all/0/rel 2 (0,20)] [goods] 语文书
[Sat Jul 28 14:38:07.075 2018] 0.000 sec [all/0/rel 2 (0,20)] [goods] 语文书
[Sat Jul 28 14:38:57.651 2018] 0.002 sec [all/0/rel 2 (0,20)] [goods] 语文书
[Sat Jul 28 14:38:58.479 2018] 0.000 sec [all/0/rel 2 (0,20)] [goods] 语文书
[Sat Jul 28 14:38:58.946 2018] 0.000 sec [all/0/rel 2 (0,20)] [goods] 语文书
[Sat Jul 28 14:38:59.339 2018] 0.000 sec [all/0/rel 2 (0,20)] [goods] 语文书
[Sat Jul 28 14:38:59.578 2018] 0.000 sec [all/0/rel 2 (0,20)] [goods] 语文书
[Sat Jul 28 14:39:04.300 2018] 0.000 sec [all/0/rel 0 (0,20)] [goods] 红色
[Sat Jul 28 14:40:25.824 2018] 0.000 sec [all/0/rel 0 (0,20)] [goods] 红色
[Sat Jul 28 14:40:26.815 2018] 0.000 sec [all/0/rel 0 (0,20)] [goods] 红色
[Sat Jul 28 14:40:27.513 2018] 0.000 sec [all/0/rel 0 (0,20)] [goods] 红色
[Sat Jul 28 14:40:27.713 2018] 0.000 sec [all/0/rel 0 (0,20)] [goods] 红色
[Sat Jul 28 14:40:27.895 2018] 0.000 sec [all/0/rel 0 (0,20)] [goods] 红色
[Sat Jul 28 14:40:28.055 2018] 0.000 sec [all/0/rel 0 (0,20)] [goods] 红色
[Sat Jul 28 14:43:07.057 2018] 0.000 sec [all/0/rel 0 (0,20)] [goods] 我要语文书
[Sat Jul 28 14:45:11.487 2018] 0.000 sec [all/0/rel 1 (0,20)] [goods] 好东西
[Sat Jul 28 14:54:27.780 2018] 0.000 sec [all/0/rel 2 (0,20)] [goods] 语文书
[Sat Jul 28 14:54:51.750 2018] 0.000 sec [all/0/rel 2 (0,20)] [goods] 语文书
[Sat Jul 28 14:54:52.508 2018] 0.000 sec [all/0/rel 2 (0,20)] [goods] 语文书
[Sat Jul 28 14:54:53.078 2018] 0.000 sec [all/0/rel 2 (0,20)] [goods] 语文书
[Sat Jul 28 14:55:07.072 2018] 0.000 sec [all/0/rel 2 (0,20)] [goods] 语文书
[Sat Jul 28 14:55:22.913 2018] 0.000 sec [all/0/rel 2 (0,20)] [goods] 语文书
[Sat Jul 28 14:55:44.565 2018] 0.000 sec [all/0/rel 2 (0,20)] [goods] 语文书
[Sat Jul 28 14:55:55.317 2018] 0.000 sec [all/0/rel 2 (0,20)] [goods] 语文书
[Sat Jul 28 15:14:49.610 2018] 0.002 sec [all/0/rel 2 (0,20)] [goods] 语文书
[Sat Jul 28 15:14:52.224 2018] 0.000 sec [all/0/rel 2 (0,20)] [goods] 语文书
[Sat Jul 28 15:15:07.922 2018] 0.000 sec [all/0/rel 2 (0,20)] [goods] 语文书
[Sat Jul 28 15:15:25.894 2018] 0.000 sec [all/0/rel 2 (0,20)] [goods] 语文书
[Sat Jul 28 15:15:31.630 2018] 0.000 sec [all/0/rel 2 (0,20)] [goods] 语文书
[Sat Jul 28 15:15:43.193 2018] 0.000 sec [all/0/rel 2 (0,20)] [goods] 语文书
[Sat Jul 28 15:20:53.223 2018] 0.002 sec [all/0/rel 2 (0,20)] [goods] 语文书
[Sat Jul 28 15:21:00.994 2018] 0.000 sec [all/0/rel 2 (0,20)] [goods] 语文书
[Sat Jul 28 15:32:00.096 2018] 0.000 sec [all/0/rel 0 (0,20)] [goods] 新的海尔
[Sat Jul 28 15:32:11.974 2018] 0.000 sec [all/0/rel 0 (0,20)] [goods] 新的海尔
[Sat Jul 28 15:32:12.838 2018] 0.000 sec [all/0/rel 0 (0,20)] [goods] 新的海尔
[Sat Jul 28 15:33:48.114 2018] 0.000 sec [all/0/rel 0 (0,20)] [goods] 新的海尔
[Sat Jul 28 15:37:53.456 2018] 0.000 sec [all/0/rel 1 (0,20)] [goods] 新的海尔
[Sat Jul 28 17:58:35.245 2018] 0.008 sec [all/0/rel 0 (0,20)] [goods] 美的
[Sat Jul 28 17:59:43.174 2018] 0.000 sec [all/0/rel 0 (0,20)] [goods] 美的
[Sat Jul 28 17:59:50.178 2018] 0.000 sec [all/0/rel 0 (0,20)] [goods] 美的
[Sat Jul 28 17:59:51.072 2018] 0.000 sec [all/0/rel 0 (0,20)] [goods] 美的
[Sat Jul 28 17:59:51.521 2018] 0.000 sec [all/0/rel 0 (0,20)] [goods] 美的
[Sat Jul 28 17:59:52.288 2018] 0.000 sec [all/0/rel 0 (0,20)] [goods] 美的
[Sat Jul 28 17:59:52.431 2018] 0.000 sec [all/0/rel 0 (0,20)] [goods] 美的
[Sat Jul 28 18:00:14.842 2018] 0.000 sec [all/0/rel 0 (0,20)] [goods] 美的
[Sat Jul 28 18:00:15.656 2018] 0.000 sec [all/0/rel 0 (0,20)] [goods] 美的
[Sat Jul 28 18:02:06.931 2018] 0.000 sec [all/0/rel 0 (0,20)] [goods] 美的
[Sat Jul 28 18:02:16.738 2018] 0.000 sec [all/0/rel 1 (0,20)] [goods] 海尔
[Sat Jul 28 18:02:20.809 2018] 0.000 sec [all/0/rel 1 (0,20)] [goods] 海尔
[Sat Jul 28 18:02:38.961 2018] 0.000 sec [all/0/rel 1 (0,20)] [goods] 海尔
[Sat Jul 28 18:02:59.532 2018] 0.000 sec [all/0/rel 0 (0,20)] [goods] 美的
[Sat Jul 28 18:09:44.224 2018] 0.000 sec [all/0/rel 1 (0,20)] [goods] 美的
[Sat Jul 28 18:17:25.475 2018] 0.000 sec [all/0/rel 1 (0,20)] [goods] 美的
[Sat Jul 28 18:18:46.504 2018] 0.000 sec [all/0/rel 0 (0,20)] [goods] 电脑
[Sat Jul 28 18:18:48.738 2018] 0.000 sec [all/0/rel 0 (0,20)] [goods] 电脑
[Sat Jul 28 18:19:11.629 2018] 0.000 sec [all/0/rel 1 (0,20)] [goods] 美的
[Sat Jul 28 18:20:50.584 2018] 0.000 sec [all/1/rel 0 (0,20)] [goods] 美的
[Sat Jul 28 18:20:52.976 2018] 0.000 sec [all/1/rel 0 (0,20)] [goods] 美的
[Sat Jul 28 18:20:55.444 2018] 0.000 sec [all/1/rel 0 (0,20)] [goods] 美的
[Sat Jul 28 18:21:35.453 2018] 0.000 sec [all/0/rel 1 (0,20)] [goods] 美的
[Sat Jul 28 18:21:42.351 2018] 0.000 sec [all/1/rel 0 (0,20)] [goods] 美的
